{"C:\\Users\\jaysa\\training\\clinic-management-app\\clinic-management-app\\models\\Patient.js": {"path":"C:\\Users\\jaysa\\training\\clinic-management-app\\clinic-management-app\\models\\Patient.js","statementMap":{"0":{"start":{"line":2,"column":22},"end":{"line":28,"column":2}},"1":{"start":{"line":29,"column":0},"end":{"line":29,"column":42}}},"fnMap":{},"branchMap":{},"s":{"0":1,"1":1},"f":{},"b":{},"_coverageSchema":"1a1c01bbd47fc00a2c39e90264f33305004495a9","hash":"2bd74a51a99d674cb730993e1a3ff9c9ae7483b5"}
,"C:\\Users\\jaysa\\training\\clinic-management-app\\clinic-management-app\\routes\\app.js": {"path":"C:\\Users\\jaysa\\training\\clinic-management-app\\clinic-management-app\\routes\\app.js","statementMap":{"0":{"start":{"line":14,"column":21},"end":{"line":17,"column":9}},"1":{"start":{"line":18,"column":12},"end":{"line":18,"column":55}},"2":{"start":{"line":20,"column":22},"end":{"line":20,"column":58}},"3":{"start":{"line":21,"column":0},"end":{"line":29,"column":7}},"4":{"start":{"line":23,"column":8},"end":{"line":23,"column":57}},"5":{"start":{"line":24,"column":8},"end":{"line":24,"column":45}},"6":{"start":{"line":27,"column":8},"end":{"line":27,"column":33}},"7":{"start":{"line":28,"column":8},"end":{"line":28,"column":28}},"8":{"start":{"line":31,"column":10},"end":{"line":31,"column":19}},"9":{"start":{"line":33,"column":0},"end":{"line":33,"column":34}},"10":{"start":{"line":35,"column":0},"end":{"line":35,"column":16}},"11":{"start":{"line":37,"column":0},"end":{"line":37,"column":52}},"12":{"start":{"line":38,"column":0},"end":{"line":38,"column":27}},"13":{"start":{"line":42,"column":16},"end":{"line":42,"column":42}},"14":{"start":{"line":47,"column":0},"end":{"line":49,"column":3}},"15":{"start":{"line":48,"column":4},"end":{"line":48,"column":52}},"16":{"start":{"line":53,"column":0},"end":{"line":59,"column":3}},"17":{"start":{"line":54,"column":4},"end":{"line":58,"column":7}},"18":{"start":{"line":55,"column":8},"end":{"line":55,"column":27}},"19":{"start":{"line":56,"column":8},"end":{"line":56,"column":23}},"20":{"start":{"line":65,"column":0},"end":{"line":71,"column":3}},"21":{"start":{"line":66,"column":18},"end":{"line":66,"column":33}},"22":{"start":{"line":67,"column":4},"end":{"line":70,"column":7}},"23":{"start":{"line":68,"column":8},"end":{"line":68,"column":23}},"24":{"start":{"line":75,"column":0},"end":{"line":83,"column":3}},"25":{"start":{"line":76,"column":4},"end":{"line":76,"column":26}},"26":{"start":{"line":77,"column":4},"end":{"line":82,"column":7}},"27":{"start":{"line":78,"column":8},"end":{"line":78,"column":43}},"28":{"start":{"line":79,"column":8},"end":{"line":79,"column":68}},"29":{"start":{"line":81,"column":8},"end":{"line":81,"column":33}},"30":{"start":{"line":87,"column":0},"end":{"line":95,"column":3}},"31":{"start":{"line":88,"column":4},"end":{"line":93,"column":7}},"32":{"start":{"line":89,"column":8},"end":{"line":89,"column":42}},"33":{"start":{"line":90,"column":8},"end":{"line":90,"column":70}},"34":{"start":{"line":92,"column":8},"end":{"line":92,"column":33}},"35":{"start":{"line":100,"column":0},"end":{"line":108,"column":3}},"36":{"start":{"line":101,"column":4},"end":{"line":106,"column":7}},"37":{"start":{"line":102,"column":8},"end":{"line":102,"column":42}},"38":{"start":{"line":103,"column":8},"end":{"line":103,"column":70}},"39":{"start":{"line":105,"column":8},"end":{"line":105,"column":33}},"40":{"start":{"line":112,"column":0},"end":{"line":121,"column":3}},"41":{"start":{"line":113,"column":4},"end":{"line":113,"column":26}},"42":{"start":{"line":114,"column":4},"end":{"line":119,"column":7}},"43":{"start":{"line":115,"column":8},"end":{"line":115,"column":42}},"44":{"start":{"line":116,"column":8},"end":{"line":116,"column":70}},"45":{"start":{"line":118,"column":8},"end":{"line":118,"column":33}}},"fnMap":{"0":{"name":"(anonymous_0)","decl":{"start":{"line":22,"column":10},"end":{"line":22,"column":11}},"loc":{"start":{"line":22,"column":16},"end":{"line":25,"column":5}},"line":22},"1":{"name":"(anonymous_1)","decl":{"start":{"line":26,"column":11},"end":{"line":26,"column":12}},"loc":{"start":{"line":26,"column":20},"end":{"line":29,"column":5}},"line":26},"2":{"name":"(anonymous_2)","decl":{"start":{"line":47,"column":12},"end":{"line":47,"column":13}},"loc":{"start":{"line":47,"column":23},"end":{"line":49,"column":1}},"line":47},"3":{"name":"(anonymous_3)","decl":{"start":{"line":53,"column":21},"end":{"line":53,"column":22}},"loc":{"start":{"line":53,"column":35},"end":{"line":59,"column":1}},"line":53},"4":{"name":"(anonymous_4)","decl":{"start":{"line":54,"column":22},"end":{"line":54,"column":23}},"loc":{"start":{"line":54,"column":43},"end":{"line":58,"column":5}},"line":54},"5":{"name":"(anonymous_5)","decl":{"start":{"line":65,"column":27},"end":{"line":65,"column":28}},"loc":{"start":{"line":65,"column":41},"end":{"line":71,"column":1}},"line":65},"6":{"name":"(anonymous_6)","decl":{"start":{"line":67,"column":35},"end":{"line":67,"column":36}},"loc":{"start":{"line":67,"column":56},"end":{"line":70,"column":5}},"line":67},"7":{"name":"(anonymous_7)","decl":{"start":{"line":75,"column":26},"end":{"line":75,"column":27}},"loc":{"start":{"line":75,"column":40},"end":{"line":83,"column":1}},"line":75},"8":{"name":"(anonymous_8)","decl":{"start":{"line":77,"column":35},"end":{"line":77,"column":36}},"loc":{"start":{"line":77,"column":44},"end":{"line":80,"column":5}},"line":77},"9":{"name":"(anonymous_9)","decl":{"start":{"line":80,"column":13},"end":{"line":80,"column":14}},"loc":{"start":{"line":80,"column":22},"end":{"line":82,"column":5}},"line":80},"10":{"name":"(anonymous_10)","decl":{"start":{"line":87,"column":34},"end":{"line":87,"column":35}},"loc":{"start":{"line":87,"column":48},"end":{"line":95,"column":1}},"line":87},"11":{"name":"(anonymous_11)","decl":{"start":{"line":88,"column":55},"end":{"line":88,"column":56}},"loc":{"start":{"line":88,"column":64},"end":{"line":91,"column":5}},"line":88},"12":{"name":"(anonymous_12)","decl":{"start":{"line":91,"column":13},"end":{"line":91,"column":14}},"loc":{"start":{"line":91,"column":22},"end":{"line":93,"column":5}},"line":91},"13":{"name":"(anonymous_13)","decl":{"start":{"line":100,"column":33},"end":{"line":100,"column":34}},"loc":{"start":{"line":100,"column":47},"end":{"line":108,"column":1}},"line":100},"14":{"name":"(anonymous_14)","decl":{"start":{"line":101,"column":51},"end":{"line":101,"column":52}},"loc":{"start":{"line":101,"column":60},"end":{"line":104,"column":5}},"line":101},"15":{"name":"(anonymous_15)","decl":{"start":{"line":104,"column":13},"end":{"line":104,"column":14}},"loc":{"start":{"line":104,"column":22},"end":{"line":106,"column":5}},"line":104},"16":{"name":"(anonymous_16)","decl":{"start":{"line":112,"column":32},"end":{"line":112,"column":33}},"loc":{"start":{"line":112,"column":46},"end":{"line":121,"column":1}},"line":112},"17":{"name":"(anonymous_17)","decl":{"start":{"line":114,"column":61},"end":{"line":114,"column":62}},"loc":{"start":{"line":114,"column":70},"end":{"line":117,"column":5}},"line":114},"18":{"name":"(anonymous_18)","decl":{"start":{"line":117,"column":13},"end":{"line":117,"column":14}},"loc":{"start":{"line":117,"column":22},"end":{"line":119,"column":5}},"line":117}},"branchMap":{},"s":{"0":1,"1":1,"2":1,"3":1,"4":1,"5":1,"6":0,"7":0,"8":1,"9":1,"10":1,"11":1,"12":1,"13":1,"14":1,"15":1,"16":1,"17":0,"18":0,"19":0,"20":1,"21":1,"22":1,"23":1,"24":1,"25":0,"26":0,"27":0,"28":0,"29":0,"30":1,"31":1,"32":1,"33":1,"34":0,"35":1,"36":0,"37":0,"38":0,"39":0,"40":1,"41":0,"42":0,"43":0,"44":0,"45":0},"f":{"0":1,"1":0,"2":1,"3":0,"4":0,"5":1,"6":1,"7":0,"8":0,"9":0,"10":1,"11":1,"12":0,"13":0,"14":0,"15":0,"16":0,"17":0,"18":0},"b":{},"_coverageSchema":"1a1c01bbd47fc00a2c39e90264f33305004495a9","hash":"9f8097c1ea09fa5ef131a86bb6540dad2164d128"}
}
