TN:
SF:models\Patient.js
FNF:0
FNH:0
DA:2,1
DA:29,1
LF:2
LH:2
BRF:0
BRH:0
end_of_record
TN:
SF:routes\app.js
FN:22,(anonymous_0)
FN:26,(anonymous_1)
FN:47,(anonymous_2)
FN:53,(anonymous_3)
FN:54,(anonymous_4)
FN:65,(anonymous_5)
FN:67,(anonymous_6)
FN:75,(anonymous_7)
FN:77,(anonymous_8)
FN:80,(anonymous_9)
FN:87,(anonymous_10)
FN:88,(anonymous_11)
FN:91,(anonymous_12)
FN:100,(anonymous_13)
FN:101,(anonymous_14)
FN:104,(anonymous_15)
FN:112,(anonymous_16)
FN:114,(anonymous_17)
FN:117,(anonymous_18)
FNF:19
FNH:6
FNDA:1,(anonymous_0)
FNDA:0,(anonymous_1)
FNDA:1,(anonymous_2)
FNDA:0,(anonymous_3)
FNDA:0,(anonymous_4)
FNDA:1,(anonymous_5)
FNDA:1,(anonymous_6)
FNDA:0,(anonymous_7)
FNDA:0,(anonymous_8)
FNDA:0,(anonymous_9)
FNDA:1,(anonymous_10)
FNDA:1,(anonymous_11)
FNDA:0,(anonymous_12)
FNDA:0,(anonymous_13)
FNDA:0,(anonymous_14)
FNDA:0,(anonymous_15)
FNDA:0,(anonymous_16)
FNDA:0,(anonymous_17)
FNDA:0,(anonymous_18)
DA:14,1
DA:18,1
DA:20,1
DA:21,1
DA:23,1
DA:24,1
DA:27,0
DA:28,0
DA:31,1
DA:33,1
DA:35,1
DA:37,1
DA:38,1
DA:42,1
DA:47,1
DA:48,1
DA:53,1
DA:54,0
DA:55,0
DA:56,0
DA:65,1
DA:66,1
DA:67,1
DA:68,1
DA:75,1
DA:76,0
DA:77,0
DA:78,0
DA:79,0
DA:81,0
DA:87,1
DA:88,1
DA:89,1
DA:90,1
DA:92,0
DA:100,1
DA:101,0
DA:102,0
DA:103,0
DA:105,0
DA:112,1
DA:113,0
DA:114,0
DA:115,0
DA:116,0
DA:118,0
LF:46
LH:26
BRF:0
BRH:0
end_of_record
